<?xml version="1.0" encoding="UTF-8"?>
<!-- Generated by org.testng.reporters.JUnitXMLReporter -->
<testsuite hostname="INCHXL214A6DC82" ignored="0" name="Banking Application - Chrome Browser" tests="3" failures="0" timestamp="23 Nov 2021 10:24:59 GMT" time="53.76" errors="0">
  <testcase name="loginbanking" time="3.077" classname="selenium4.latest.TestSelenium"/>
  <testcase name="addnewCustomer" time="25.293" classname="selenium4.latest.TestSelenium"/>
  <testcase name="opentabledemoPage" time="2.747" classname="selenium4.latest.TestSelenium"/>
</testsuite> <!-- Banking Application - Chrome Browser -->
