<?xml version="1.0" encoding="UTF-8"?>
<!-- Generated by org.testng.reporters.JUnitXMLReporter -->
<testsuite hostname="INCHXL214A6DC82" ignored="0" name="Banking Application - Edge Browser" tests="3" failures="0" timestamp="23 Nov 2021 10:24:49 GMT" time="43.763" errors="0">
  <testcase name="loginbanking" time="4.711" classname="selenium4.latest.TestSelenium"/>
  <testcase name="addnewCustomer" time="7.062" classname="selenium4.latest.TestSelenium"/>
  <testcase name="opentabledemoPage" time="2.643" classname="selenium4.latest.TestSelenium"/>
</testsuite> <!-- Banking Application - Edge Browser -->
