<?xml version="1.0" encoding="UTF-8"?>
<testng-results skipped="0" failed="0" ignored="0" total="3" passed="3">
  <reporter-output>
  </reporter-output>
  <suite name="Selenium 4 Test Suite" duration-ms="12067" started-at="2021-11-16T09:25:21Z" finished-at="2021-11-16T09:25:33Z">
    <groups>
    </groups>
    <test name="Banking Application" duration-ms="12067" started-at="2021-11-16T09:25:21Z" finished-at="2021-11-16T09:25:33Z">
      <class name="selenium4.latest.TestSelenium">
        <test-method status="PASS" signature="setup()[pri:0, instance:selenium4.latest.TestSelenium@6adede5]" name="setup" is-config="true" duration-ms="6658" started-at="2021-11-16T09:25:21Z" finished-at="2021-11-16T09:25:28Z">
          <reporter-output>
          </reporter-output>
        </test-method> <!-- setup -->
        <test-method status="PASS" signature="loginbanking()[pri:0, instance:selenium4.latest.TestSelenium@6adede5]" name="loginbanking" duration-ms="1479" started-at="2021-11-16T09:25:28Z" finished-at="2021-11-16T09:25:29Z">
          <reporter-output>
          </reporter-output>
        </test-method> <!-- loginbanking -->
        <test-method status="PASS" signature="addnewCustomer()[pri:1, instance:selenium4.latest.TestSelenium@6adede5]" name="addnewCustomer" duration-ms="2081" started-at="2021-11-16T09:25:29Z" finished-at="2021-11-16T09:25:31Z">
          <reporter-output>
          </reporter-output>
        </test-method> <!-- addnewCustomer -->
        <test-method status="PASS" signature="opentabledemoPage()[pri:2, instance:selenium4.latest.TestSelenium@6adede5]" name="opentabledemoPage" duration-ms="1808" started-at="2021-11-16T09:25:31Z" finished-at="2021-11-16T09:25:33Z">
          <reporter-output>
          </reporter-output>
        </test-method> <!-- opentabledemoPage -->
      </class> <!-- selenium4.latest.TestSelenium -->
    </test> <!-- Banking Application -->
  </suite> <!-- Selenium 4 Test Suite -->
</testng-results>
