<?xml version="1.0" encoding="UTF-8"?>
<!-- Generated by org.testng.reporters.JUnitXMLReporter -->
<testsuite hostname="INCHXL214A6DC82" ignored="0" name="Default test" tests="3" failures="0" timestamp="16 Nov 2021 09:14:11 GMT" time="11.775" errors="0">
  <testcase name="loginbanking" time="1.518" classname="selenium4.latest.TestSelenium"/>
  <testcase name="addnewCustomer" time="1.921" classname="selenium4.latest.TestSelenium"/>
  <testcase name="opentabledemoPage" time="1.956" classname="selenium4.latest.TestSelenium"/>
</testsuite> <!-- Default test -->
