<?xml version="1.0" encoding="UTF-8"?>
<!-- Generated by org.testng.reporters.JUnitXMLReporter -->
<testsuite hostname="INCHXL214A6DC82" ignored="0" name="Banking Application" tests="3" failures="0" timestamp="16 Nov 2021 09:25:33 GMT" time="12.067" errors="0">
  <testcase name="loginbanking" time="1.479" classname="selenium4.latest.TestSelenium"/>
  <testcase name="addnewCustomer" time="2.081" classname="selenium4.latest.TestSelenium"/>
  <testcase name="opentabledemoPage" time="1.808" classname="selenium4.latest.TestSelenium"/>
</testsuite> <!-- Banking Application -->
